<?xml version="1.0" encoding="UTF-8"?>
<testng-results ignored="0" total="1" passed="1" failed="0" skipped="0">
  <reporter-output>
  </reporter-output>
  <suite started-at="2026-09-12T21:57:13 IST" name="Default suite" finished-at="2026-09-12T21:57:18 IST" duration-ms="5160">
    <groups>
    </groups>
    <test started-at="2026-09-12T21:57:13 IST" name="Default test" finished-at="2026-09-12T21:57:18 IST" duration-ms="5160">
      <class name="practice.LoginTest">
        <test-method signature="loginTest()[pri:0, instance:practice.LoginTest@4686afc2]" started-at="2026-09-12T21:57:13 IST" name="loginTest" finished-at="2026-09-12T21:57:18 IST" duration-ms="5089" status="PASS">
          <reporter-output>
          </reporter-output>
        </test-method> <!-- loginTest -->
      </class> <!-- practice.LoginTest -->
    </test> <!-- Default test -->
  </suite> <!-- Default suite -->
</testng-results>
